<?xml version="1.0" encoding="UTF-8"?>
<testng-results ignored="0" total="1" passed="1" failed="0" skipped="0">
  <reporter-output>
  </reporter-output>
  <suite started-at="2023-02-23T14:24:42 IST" name="Default suite" finished-at="2023-02-23T14:25:03 IST" duration-ms="21076">
    <groups>
    </groups>
    <test started-at="2023-02-23T14:24:42 IST" name="Default test" finished-at="2023-02-23T14:25:03 IST" duration-ms="21076">
      <class name="DEMO.HrmLogin">
        <test-method is-config="true" signature="lunchApp()[pri:0, instance:DEMO.HrmLogin@2dd29a59]" started-at="2023-02-23T14:24:42 IST" name="lunchApp" finished-at="2023-02-23T14:24:59 IST" duration-ms="17683" status="PASS">
          <reporter-output>
          </reporter-output>
        </test-method> <!-- lunchApp -->
        <test-method signature="loginOperation()[pri:0, instance:DEMO.HrmLogin@2dd29a59]" started-at="2023-02-23T14:24:59 IST" name="loginOperation" finished-at="2023-02-23T14:25:02 IST" duration-ms="3158" status="PASS">
          <reporter-output>
          </reporter-output>
        </test-method> <!-- loginOperation -->
        <test-method is-config="true" signature="close()[pri:0, instance:DEMO.HrmLogin@2dd29a59]" started-at="2023-02-23T14:25:03 IST" name="close" finished-at="2023-02-23T14:25:03 IST" duration-ms="205" status="PASS">
          <reporter-output>
          </reporter-output>
        </test-method> <!-- close -->
      </class> <!-- DEMO.HrmLogin -->
    </test> <!-- Default test -->
  </suite> <!-- Default suite -->
</testng-results>
